<?xml version="1.0" encoding="UTF-8"?>
<!-- Generated by org.testng.reporters.JUnitReportReporter -->
<testsuite hostname="DESKTOP-T3MTJAC" failures="0" tests="1" name="test_class.Get_tc1" time="1.337" errors="0" timestamp="2023-04-06T23:47:34 IST" skipped="0">
  <testcase classname="test_class.Get_tc1" name="orchestrator" time="1.337"/>
  <system-out/>
</testsuite> <!-- test_class.Get_tc1 -->
