<?xml version="1.0" encoding="UTF-8"?>
<!-- Generated by org.testng.reporters.JUnitReportReporter -->
<testsuite hostname="DESKTOP-T3MTJAC" failures="0" tests="1" name="test_class.Post_TC1" time="5.755" errors="0" timestamp="2023-04-06T23:47:34 IST" skipped="0">
  <testcase classname="test_class.Post_TC1" name="orchestrator" time="5.755"/>
  <system-out/>
</testsuite> <!-- test_class.Post_TC1 -->
